<?xml version="1.0" encoding="UTF-8"?>
<testsuite xmlns:xsi="http://www.w3.org/2001/XMLSchema-instance" xsi:noNamespaceSchemaLocation="https://maven.apache.org/surefire/maven-surefire-plugin/xsd/surefire-test-report.xsd" name="com.example.MessageHandlerTest" time="0.031" tests="2" errors="0" skipped="0" failures="0">
  <properties>
    <property name="sun.desktop" value="windows"/>
    <property name="awt.toolkit" value="sun.awt.windows.WToolkit"/>
    <property name="java.specification.version" value="11"/>
    <property name="sun.cpu.isalist" value="amd64"/>
    <property name="sun.jnu.encoding" value="MS932"/>
    <property name="java.class.path" value="C:\Users\ThinkPad\Desktop\moneyger\target\test-classes;C:\Users\ThinkPad\Desktop\moneyger\target\classes;C:\Users\ThinkPad\.m2\repository\org\springframework\spring-context\5.2.0.M2\spring-context-5.2.0.M2.jar;C:\Users\ThinkPad\.m2\repository\org\springframework\spring-aop\5.2.0.M2\spring-aop-5.2.0.M2.jar;C:\Users\ThinkPad\.m2\repository\org\springframework\spring-beans\5.2.0.M2\spring-beans-5.2.0.M2.jar;C:\Users\ThinkPad\.m2\repository\org\springframework\spring-core\5.2.0.M2\spring-core-5.2.0.M2.jar;C:\Users\ThinkPad\.m2\repository\org\springframework\spring-jcl\5.2.0.M2\spring-jcl-5.2.0.M2.jar;C:\Users\ThinkPad\.m2\repository\org\springframework\spring-expression\5.2.0.M2\spring-expression-5.2.0.M2.jar;C:\Users\ThinkPad\.m2\repository\org\springframework\spring-webflux\5.2.0.M2\spring-webflux-5.2.0.M2.jar;C:\Users\ThinkPad\.m2\repository\io\projectreactor\reactor-core\3.3.0.M1\reactor-core-3.3.0.M1.jar;C:\Users\ThinkPad\.m2\repository\org\reactivestreams\reactive-streams\1.0.2\reactive-streams-1.0.2.jar;C:\Users\ThinkPad\.m2\repository\org\springframework\spring-web\5.2.0.M2\spring-web-5.2.0.M2.jar;C:\Users\ThinkPad\.m2\repository\ch\qos\logback\logback-classic\1.2.3\logback-classic-1.2.3.jar;C:\Users\ThinkPad\.m2\repository\ch\qos\logback\logback-core\1.2.3\logback-core-1.2.3.jar;C:\Users\ThinkPad\.m2\repository\org\slf4j\slf4j-api\1.7.26\slf4j-api-1.7.26.jar;C:\Users\ThinkPad\.m2\repository\io\projectreactor\netty\reactor-netty\0.9.0.M1\reactor-netty-0.9.0.M1.jar;C:\Users\ThinkPad\.m2\repository\io\netty\netty-codec-http\4.1.36.Final\netty-codec-http-4.1.36.Final.jar;C:\Users\ThinkPad\.m2\repository\io\netty\netty-codec\4.1.36.Final\netty-codec-4.1.36.Final.jar;C:\Users\ThinkPad\.m2\repository\io\netty\netty-codec-http2\4.1.36.Final\netty-codec-http2-4.1.36.Final.jar;C:\Users\ThinkPad\.m2\repository\io\netty\netty-handler\4.1.36.Final\netty-handler-4.1.36.Final.jar;C:\Users\ThinkPad\.m2\repository\io\netty\netty-handler-proxy\4.1.36.Final\netty-handler-proxy-4.1.36.Final.jar;C:\Users\ThinkPad\.m2\repository\io\netty\netty-codec-socks\4.1.36.Final\netty-codec-socks-4.1.36.Final.jar;C:\Users\ThinkPad\.m2\repository\com\fasterxml\jackson\core\jackson-databind\2.9.8\jackson-databind-2.9.8.jar;C:\Users\ThinkPad\.m2\repository\com\fasterxml\jackson\core\jackson-annotations\2.9.0\jackson-annotations-2.9.0.jar;C:\Users\ThinkPad\.m2\repository\com\fasterxml\jackson\core\jackson-core\2.9.8\jackson-core-2.9.8.jar;C:\Users\ThinkPad\.m2\repository\com\fasterxml\jackson\datatype\jackson-datatype-jsr310\2.9.8\jackson-datatype-jsr310-2.9.8.jar;C:\Users\ThinkPad\.m2\repository\am\ik\yavi\yavi\0.2.2\yavi-0.2.2.jar;C:\Users\ThinkPad\.m2\repository\org\springframework\boot\spring-boot-starter-test\2.2.0.M3\spring-boot-starter-test-2.2.0.M3.jar;C:\Users\ThinkPad\.m2\repository\org\springframework\boot\spring-boot-starter\2.2.0.M3\spring-boot-starter-2.2.0.M3.jar;C:\Users\ThinkPad\.m2\repository\org\springframework\boot\spring-boot\2.2.0.M3\spring-boot-2.2.0.M3.jar;C:\Users\ThinkPad\.m2\repository\org\springframework\boot\spring-boot-autoconfigure\2.2.0.M3\spring-boot-autoconfigure-2.2.0.M3.jar;C:\Users\ThinkPad\.m2\repository\org\springframework\boot\spring-boot-starter-logging\2.2.0.M3\spring-boot-starter-logging-2.2.0.M3.jar;C:\Users\ThinkPad\.m2\repository\org\apache\logging\log4j\log4j-to-slf4j\2.11.2\log4j-to-slf4j-2.11.2.jar;C:\Users\ThinkPad\.m2\repository\org\apache\logging\log4j\log4j-api\2.11.2\log4j-api-2.11.2.jar;C:\Users\ThinkPad\.m2\repository\org\slf4j\jul-to-slf4j\1.7.26\jul-to-slf4j-1.7.26.jar;C:\Users\ThinkPad\.m2\repository\jakarta\annotation\jakarta.annotation-api\1.3.4\jakarta.annotation-api-1.3.4.jar;C:\Users\ThinkPad\.m2\repository\org\yaml\snakeyaml\1.24\snakeyaml-1.24.jar;C:\Users\ThinkPad\.m2\repository\org\springframework\boot\spring-boot-test\2.2.0.M3\spring-boot-test-2.2.0.M3.jar;C:\Users\ThinkPad\.m2\repository\org\springframework\boot\spring-boot-test-autoconfigure\2.2.0.M3\spring-boot-test-autoconfigure-2.2.0.M3.jar;C:\Users\ThinkPad\.m2\repository\com\jayway\jsonpath\json-path\2.4.0\json-path-2.4.0.jar;C:\Users\ThinkPad\.m2\repository\net\minidev\json-smart\2.3\json-smart-2.3.jar;C:\Users\ThinkPad\.m2\repository\net\minidev\accessors-smart\1.2\accessors-smart-1.2.jar;C:\Users\ThinkPad\.m2\repository\org\ow2\asm\asm\5.0.4\asm-5.0.4.jar;C:\Users\ThinkPad\.m2\repository\jakarta\xml\bind\jakarta.xml.bind-api\2.3.2\jakarta.xml.bind-api-2.3.2.jar;C:\Users\ThinkPad\.m2\repository\jakarta\activation\jakarta.activation-api\1.2.1\jakarta.activation-api-1.2.1.jar;C:\Users\ThinkPad\.m2\repository\org\junit\jupiter\junit-jupiter\5.4.2\junit-jupiter-5.4.2.jar;C:\Users\ThinkPad\.m2\repository\org\junit\jupiter\junit-jupiter-api\5.4.2\junit-jupiter-api-5.4.2.jar;C:\Users\ThinkPad\.m2\repository\org\apiguardian\apiguardian-api\1.0.0\apiguardian-api-1.0.0.jar;C:\Users\ThinkPad\.m2\repository\org\opentest4j\opentest4j\1.1.1\opentest4j-1.1.1.jar;C:\Users\ThinkPad\.m2\repository\org\junit\platform\junit-platform-commons\1.4.2\junit-platform-commons-1.4.2.jar;C:\Users\ThinkPad\.m2\repository\org\junit\jupiter\junit-jupiter-params\5.4.2\junit-jupiter-params-5.4.2.jar;C:\Users\ThinkPad\.m2\repository\org\junit\jupiter\junit-jupiter-engine\5.4.2\junit-jupiter-engine-5.4.2.jar;C:\Users\ThinkPad\.m2\repository\org\junit\platform\junit-platform-engine\1.4.2\junit-platform-engine-1.4.2.jar;C:\Users\ThinkPad\.m2\repository\org\mockito\mockito-junit-jupiter\2.27.0\mockito-junit-jupiter-2.27.0.jar;C:\Users\ThinkPad\.m2\repository\org\assertj\assertj-core\3.12.2\assertj-core-3.12.2.jar;C:\Users\ThinkPad\.m2\repository\org\hamcrest\hamcrest-core\1.3\hamcrest-core-1.3.jar;C:\Users\ThinkPad\.m2\repository\org\hamcrest\hamcrest-library\1.3\hamcrest-library-1.3.jar;C:\Users\ThinkPad\.m2\repository\org\mockito\mockito-core\2.27.0\mockito-core-2.27.0.jar;C:\Users\ThinkPad\.m2\repository\net\bytebuddy\byte-buddy\1.9.12\byte-buddy-1.9.12.jar;C:\Users\ThinkPad\.m2\repository\net\bytebuddy\byte-buddy-agent\1.9.12\byte-buddy-agent-1.9.12.jar;C:\Users\ThinkPad\.m2\repository\org\objenesis\objenesis\2.6\objenesis-2.6.jar;C:\Users\ThinkPad\.m2\repository\org\skyscreamer\jsonassert\1.5.0\jsonassert-1.5.0.jar;C:\Users\ThinkPad\.m2\repository\com\vaadin\external\google\android-json\0.0.20131108.vaadin1\android-json-0.0.20131108.vaadin1.jar;C:\Users\ThinkPad\.m2\repository\org\springframework\spring-test\5.2.0.M2\spring-test-5.2.0.M2.jar;C:\Users\ThinkPad\.m2\repository\org\xmlunit\xmlunit-core\2.6.2\xmlunit-core-2.6.2.jar;C:\Users\ThinkPad\.m2\repository\io\projectreactor\reactor-test\3.3.0.M1\reactor-test-3.3.0.M1.jar;C:\Users\ThinkPad\.m2\repository\org\springframework\data\spring-data-r2dbc\1.0.0.M2\spring-data-r2dbc-1.0.0.M2.jar;C:\Users\ThinkPad\.m2\repository\org\springframework\data\spring-data-commons\2.2.0.M4\spring-data-commons-2.2.0.M4.jar;C:\Users\ThinkPad\.m2\repository\org\springframework\data\spring-data-relational\1.1.0.M4\spring-data-relational-1.1.0.M4.jar;C:\Users\ThinkPad\.m2\repository\org\springframework\spring-tx\5.2.0.M2\spring-tx-5.2.0.M2.jar;C:\Users\ThinkPad\.m2\repository\io\r2dbc\r2dbc-spi\0.8.0.M8\r2dbc-spi-0.8.0.M8.jar;C:\Users\ThinkPad\.m2\repository\io\r2dbc\r2dbc-h2\0.8.0.M8\r2dbc-h2-0.8.0.M8.jar;C:\Users\ThinkPad\.m2\repository\com\h2database\h2\1.4.199\h2-1.4.199.jar;C:\Users\ThinkPad\.m2\repository\org\apache\commons\commons-lang3\3.9\commons-lang3-3.9.jar;C:\Users\ThinkPad\.m2\repository\io\r2dbc\r2dbc-postgresql\0.8.0.M8\r2dbc-postgresql-0.8.0.M8.jar;C:\Users\ThinkPad\.m2\repository\com\ongres\scram\client\1.0.0-beta.2\client-1.0.0-beta.2.jar;C:\Users\ThinkPad\.m2\repository\com\ongres\scram\common\1.0.0-beta.2\common-1.0.0-beta.2.jar;C:\Users\ThinkPad\.m2\repository\io\r2dbc\r2dbc-pool\0.8.0.M8\r2dbc-pool-0.8.0.M8.jar;C:\Users\ThinkPad\.m2\repository\io\projectreactor\addons\reactor-pool\0.0.1.M1\reactor-pool-0.0.1.M1.jar;C:\Users\ThinkPad\.m2\repository\io\netty\netty-transport-native-epoll\4.1.36.Final\netty-transport-native-epoll-4.1.36.Final.jar;C:\Users\ThinkPad\.m2\repository\io\netty\netty-common\4.1.36.Final\netty-common-4.1.36.Final.jar;C:\Users\ThinkPad\.m2\repository\io\netty\netty-buffer\4.1.36.Final\netty-buffer-4.1.36.Final.jar;C:\Users\ThinkPad\.m2\repository\io\netty\netty-transport\4.1.36.Final\netty-transport-4.1.36.Final.jar;C:\Users\ThinkPad\.m2\repository\io\netty\netty-resolver\4.1.36.Final\netty-resolver-4.1.36.Final.jar;C:\Users\ThinkPad\.m2\repository\io\netty\netty-transport-native-unix-common\4.1.36.Final\netty-transport-native-unix-common-4.1.36.Final.jar;C:\Users\ThinkPad\.m2\repository\com\github\making\moneyger-ui\master-49cef8b6ea-1\moneyger-ui-master-49cef8b6ea-1.jar;"/>
    <property name="java.vm.vendor" value="Oracle Corporation"/>
    <property name="sun.arch.data.model" value="64"/>
    <property name="user.variant" value=""/>
    <property name="java.vendor.url" value="http://java.oracle.com/"/>
    <property name="user.timezone" value="Asia/Tokyo"/>
    <property name="java.vm.specification.version" value="11"/>
    <property name="os.name" value="Windows 10"/>
    <property name="sun.java.launcher" value="SUN_STANDARD"/>
    <property name="user.country" value="JP"/>
    <property name="sun.boot.library.path" value="C:\Java\jdk-11.0.1\bin"/>
    <property name="sun.java.command" value="C:\Users\ThinkPad\AppData\Local\Temp\surefire13064543297336994038\surefirebooter7553167153886596322.jar C:\Users\ThinkPad\AppData\Local\Temp\surefire13064543297336994038 2019-06-03T21-25-17_625-jvmRun1 surefire6402590854390200154tmp surefire_015945886190563933808tmp"/>
    <property name="jdk.debug" value="release"/>
    <property name="surefire.test.class.path" value="C:\Users\ThinkPad\Desktop\moneyger\target\test-classes;C:\Users\ThinkPad\Desktop\moneyger\target\classes;C:\Users\ThinkPad\.m2\repository\org\springframework\spring-context\5.2.0.M2\spring-context-5.2.0.M2.jar;C:\Users\ThinkPad\.m2\repository\org\springframework\spring-aop\5.2.0.M2\spring-aop-5.2.0.M2.jar;C:\Users\ThinkPad\.m2\repository\org\springframework\spring-beans\5.2.0.M2\spring-beans-5.2.0.M2.jar;C:\Users\ThinkPad\.m2\repository\org\springframework\spring-core\5.2.0.M2\spring-core-5.2.0.M2.jar;C:\Users\ThinkPad\.m2\repository\org\springframework\spring-jcl\5.2.0.M2\spring-jcl-5.2.0.M2.jar;C:\Users\ThinkPad\.m2\repository\org\springframework\spring-expression\5.2.0.M2\spring-expression-5.2.0.M2.jar;C:\Users\ThinkPad\.m2\repository\org\springframework\spring-webflux\5.2.0.M2\spring-webflux-5.2.0.M2.jar;C:\Users\ThinkPad\.m2\repository\io\projectreactor\reactor-core\3.3.0.M1\reactor-core-3.3.0.M1.jar;C:\Users\ThinkPad\.m2\repository\org\reactivestreams\reactive-streams\1.0.2\reactive-streams-1.0.2.jar;C:\Users\ThinkPad\.m2\repository\org\springframework\spring-web\5.2.0.M2\spring-web-5.2.0.M2.jar;C:\Users\ThinkPad\.m2\repository\ch\qos\logback\logback-classic\1.2.3\logback-classic-1.2.3.jar;C:\Users\ThinkPad\.m2\repository\ch\qos\logback\logback-core\1.2.3\logback-core-1.2.3.jar;C:\Users\ThinkPad\.m2\repository\org\slf4j\slf4j-api\1.7.26\slf4j-api-1.7.26.jar;C:\Users\ThinkPad\.m2\repository\io\projectreactor\netty\reactor-netty\0.9.0.M1\reactor-netty-0.9.0.M1.jar;C:\Users\ThinkPad\.m2\repository\io\netty\netty-codec-http\4.1.36.Final\netty-codec-http-4.1.36.Final.jar;C:\Users\ThinkPad\.m2\repository\io\netty\netty-codec\4.1.36.Final\netty-codec-4.1.36.Final.jar;C:\Users\ThinkPad\.m2\repository\io\netty\netty-codec-http2\4.1.36.Final\netty-codec-http2-4.1.36.Final.jar;C:\Users\ThinkPad\.m2\repository\io\netty\netty-handler\4.1.36.Final\netty-handler-4.1.36.Final.jar;C:\Users\ThinkPad\.m2\repository\io\netty\netty-handler-proxy\4.1.36.Final\netty-handler-proxy-4.1.36.Final.jar;C:\Users\ThinkPad\.m2\repository\io\netty\netty-codec-socks\4.1.36.Final\netty-codec-socks-4.1.36.Final.jar;C:\Users\ThinkPad\.m2\repository\com\fasterxml\jackson\core\jackson-databind\2.9.8\jackson-databind-2.9.8.jar;C:\Users\ThinkPad\.m2\repository\com\fasterxml\jackson\core\jackson-annotations\2.9.0\jackson-annotations-2.9.0.jar;C:\Users\ThinkPad\.m2\repository\com\fasterxml\jackson\core\jackson-core\2.9.8\jackson-core-2.9.8.jar;C:\Users\ThinkPad\.m2\repository\com\fasterxml\jackson\datatype\jackson-datatype-jsr310\2.9.8\jackson-datatype-jsr310-2.9.8.jar;C:\Users\ThinkPad\.m2\repository\am\ik\yavi\yavi\0.2.2\yavi-0.2.2.jar;C:\Users\ThinkPad\.m2\repository\org\springframework\boot\spring-boot-starter-test\2.2.0.M3\spring-boot-starter-test-2.2.0.M3.jar;C:\Users\ThinkPad\.m2\repository\org\springframework\boot\spring-boot-starter\2.2.0.M3\spring-boot-starter-2.2.0.M3.jar;C:\Users\ThinkPad\.m2\repository\org\springframework\boot\spring-boot\2.2.0.M3\spring-boot-2.2.0.M3.jar;C:\Users\ThinkPad\.m2\repository\org\springframework\boot\spring-boot-autoconfigure\2.2.0.M3\spring-boot-autoconfigure-2.2.0.M3.jar;C:\Users\ThinkPad\.m2\repository\org\springframework\boot\spring-boot-starter-logging\2.2.0.M3\spring-boot-starter-logging-2.2.0.M3.jar;C:\Users\ThinkPad\.m2\repository\org\apache\logging\log4j\log4j-to-slf4j\2.11.2\log4j-to-slf4j-2.11.2.jar;C:\Users\ThinkPad\.m2\repository\org\apache\logging\log4j\log4j-api\2.11.2\log4j-api-2.11.2.jar;C:\Users\ThinkPad\.m2\repository\org\slf4j\jul-to-slf4j\1.7.26\jul-to-slf4j-1.7.26.jar;C:\Users\ThinkPad\.m2\repository\jakarta\annotation\jakarta.annotation-api\1.3.4\jakarta.annotation-api-1.3.4.jar;C:\Users\ThinkPad\.m2\repository\org\yaml\snakeyaml\1.24\snakeyaml-1.24.jar;C:\Users\ThinkPad\.m2\repository\org\springframework\boot\spring-boot-test\2.2.0.M3\spring-boot-test-2.2.0.M3.jar;C:\Users\ThinkPad\.m2\repository\org\springframework\boot\spring-boot-test-autoconfigure\2.2.0.M3\spring-boot-test-autoconfigure-2.2.0.M3.jar;C:\Users\ThinkPad\.m2\repository\com\jayway\jsonpath\json-path\2.4.0\json-path-2.4.0.jar;C:\Users\ThinkPad\.m2\repository\net\minidev\json-smart\2.3\json-smart-2.3.jar;C:\Users\ThinkPad\.m2\repository\net\minidev\accessors-smart\1.2\accessors-smart-1.2.jar;C:\Users\ThinkPad\.m2\repository\org\ow2\asm\asm\5.0.4\asm-5.0.4.jar;C:\Users\ThinkPad\.m2\repository\jakarta\xml\bind\jakarta.xml.bind-api\2.3.2\jakarta.xml.bind-api-2.3.2.jar;C:\Users\ThinkPad\.m2\repository\jakarta\activation\jakarta.activation-api\1.2.1\jakarta.activation-api-1.2.1.jar;C:\Users\ThinkPad\.m2\repository\org\junit\jupiter\junit-jupiter\5.4.2\junit-jupiter-5.4.2.jar;C:\Users\ThinkPad\.m2\repository\org\junit\jupiter\junit-jupiter-api\5.4.2\junit-jupiter-api-5.4.2.jar;C:\Users\ThinkPad\.m2\repository\org\apiguardian\apiguardian-api\1.0.0\apiguardian-api-1.0.0.jar;C:\Users\ThinkPad\.m2\repository\org\opentest4j\opentest4j\1.1.1\opentest4j-1.1.1.jar;C:\Users\ThinkPad\.m2\repository\org\junit\platform\junit-platform-commons\1.4.2\junit-platform-commons-1.4.2.jar;C:\Users\ThinkPad\.m2\repository\org\junit\jupiter\junit-jupiter-params\5.4.2\junit-jupiter-params-5.4.2.jar;C:\Users\ThinkPad\.m2\repository\org\junit\jupiter\junit-jupiter-engine\5.4.2\junit-jupiter-engine-5.4.2.jar;C:\Users\ThinkPad\.m2\repository\org\junit\platform\junit-platform-engine\1.4.2\junit-platform-engine-1.4.2.jar;C:\Users\ThinkPad\.m2\repository\org\mockito\mockito-junit-jupiter\2.27.0\mockito-junit-jupiter-2.27.0.jar;C:\Users\ThinkPad\.m2\repository\org\assertj\assertj-core\3.12.2\assertj-core-3.12.2.jar;C:\Users\ThinkPad\.m2\repository\org\hamcrest\hamcrest-core\1.3\hamcrest-core-1.3.jar;C:\Users\ThinkPad\.m2\repository\org\hamcrest\hamcrest-library\1.3\hamcrest-library-1.3.jar;C:\Users\ThinkPad\.m2\repository\org\mockito\mockito-core\2.27.0\mockito-core-2.27.0.jar;C:\Users\ThinkPad\.m2\repository\net\bytebuddy\byte-buddy\1.9.12\byte-buddy-1.9.12.jar;C:\Users\ThinkPad\.m2\repository\net\bytebuddy\byte-buddy-agent\1.9.12\byte-buddy-agent-1.9.12.jar;C:\Users\ThinkPad\.m2\repository\org\objenesis\objenesis\2.6\objenesis-2.6.jar;C:\Users\ThinkPad\.m2\repository\org\skyscreamer\jsonassert\1.5.0\jsonassert-1.5.0.jar;C:\Users\ThinkPad\.m2\repository\com\vaadin\external\google\android-json\0.0.20131108.vaadin1\android-json-0.0.20131108.vaadin1.jar;C:\Users\ThinkPad\.m2\repository\org\springframework\spring-test\5.2.0.M2\spring-test-5.2.0.M2.jar;C:\Users\ThinkPad\.m2\repository\org\xmlunit\xmlunit-core\2.6.2\xmlunit-core-2.6.2.jar;C:\Users\ThinkPad\.m2\repository\io\projectreactor\reactor-test\3.3.0.M1\reactor-test-3.3.0.M1.jar;C:\Users\ThinkPad\.m2\repository\org\springframework\data\spring-data-r2dbc\1.0.0.M2\spring-data-r2dbc-1.0.0.M2.jar;C:\Users\ThinkPad\.m2\repository\org\springframework\data\spring-data-commons\2.2.0.M4\spring-data-commons-2.2.0.M4.jar;C:\Users\ThinkPad\.m2\repository\org\springframework\data\spring-data-relational\1.1.0.M4\spring-data-relational-1.1.0.M4.jar;C:\Users\ThinkPad\.m2\repository\org\springframework\spring-tx\5.2.0.M2\spring-tx-5.2.0.M2.jar;C:\Users\ThinkPad\.m2\repository\io\r2dbc\r2dbc-spi\0.8.0.M8\r2dbc-spi-0.8.0.M8.jar;C:\Users\ThinkPad\.m2\repository\io\r2dbc\r2dbc-h2\0.8.0.M8\r2dbc-h2-0.8.0.M8.jar;C:\Users\ThinkPad\.m2\repository\com\h2database\h2\1.4.199\h2-1.4.199.jar;C:\Users\ThinkPad\.m2\repository\org\apache\commons\commons-lang3\3.9\commons-lang3-3.9.jar;C:\Users\ThinkPad\.m2\repository\io\r2dbc\r2dbc-postgresql\0.8.0.M8\r2dbc-postgresql-0.8.0.M8.jar;C:\Users\ThinkPad\.m2\repository\com\ongres\scram\client\1.0.0-beta.2\client-1.0.0-beta.2.jar;C:\Users\ThinkPad\.m2\repository\com\ongres\scram\common\1.0.0-beta.2\common-1.0.0-beta.2.jar;C:\Users\ThinkPad\.m2\repository\io\r2dbc\r2dbc-pool\0.8.0.M8\r2dbc-pool-0.8.0.M8.jar;C:\Users\ThinkPad\.m2\repository\io\projectreactor\addons\reactor-pool\0.0.1.M1\reactor-pool-0.0.1.M1.jar;C:\Users\ThinkPad\.m2\repository\io\netty\netty-transport-native-epoll\4.1.36.Final\netty-transport-native-epoll-4.1.36.Final.jar;C:\Users\ThinkPad\.m2\repository\io\netty\netty-common\4.1.36.Final\netty-common-4.1.36.Final.jar;C:\Users\ThinkPad\.m2\repository\io\netty\netty-buffer\4.1.36.Final\netty-buffer-4.1.36.Final.jar;C:\Users\ThinkPad\.m2\repository\io\netty\netty-transport\4.1.36.Final\netty-transport-4.1.36.Final.jar;C:\Users\ThinkPad\.m2\repository\io\netty\netty-resolver\4.1.36.Final\netty-resolver-4.1.36.Final.jar;C:\Users\ThinkPad\.m2\repository\io\netty\netty-transport-native-unix-common\4.1.36.Final\netty-transport-native-unix-common-4.1.36.Final.jar;C:\Users\ThinkPad\.m2\repository\com\github\making\moneyger-ui\master-49cef8b6ea-1\moneyger-ui-master-49cef8b6ea-1.jar;"/>
    <property name="sun.cpu.endian" value="little"/>
    <property name="user.home" value="C:\Users\ThinkPad"/>
    <property name="user.language" value="ja"/>
    <property name="java.specification.vendor" value="Oracle Corporation"/>
    <property name="java.version.date" value="2018-10-16"/>
    <property name="java.home" value="C:\Java\jdk-11.0.1"/>
    <property name="file.separator" value="\"/>
    <property name="basedir" value="C:\Users\ThinkPad\Desktop\moneyger"/>
    <property name="java.vm.compressedOopsMode" value="Zero based"/>
    <property name="line.separator" value="&#10;"/>
    <property name="java.specification.name" value="Java Platform API Specification"/>
    <property name="java.vm.specification.vendor" value="Oracle Corporation"/>
    <property name="java.awt.graphicsenv" value="sun.awt.Win32GraphicsEnvironment"/>
    <property name="surefire.real.class.path" value="C:\Users\ThinkPad\AppData\Local\Temp\surefire13064543297336994038\surefirebooter7553167153886596322.jar"/>
    <property name="user.script" value=""/>
    <property name="sun.management.compiler" value="HotSpot 64-Bit Tiered Compilers"/>
    <property name="java.runtime.version" value="11.0.1+13"/>
    <property name="user.name" value="ThinkPad"/>
    <property name="path.separator" value=";"/>
    <property name="os.version" value="10.0"/>
    <property name="java.runtime.name" value="OpenJDK Runtime Environment"/>
    <property name="file.encoding" value="MS932"/>
    <property name="java.vm.name" value="OpenJDK 64-Bit Server VM"/>
    <property name="java.vendor.version" value="18.9"/>
    <property name="localRepository" value="C:\Users\ThinkPad\.m2\repository"/>
    <property name="java.vendor.url.bug" value="http://bugreport.java.com/bugreport/"/>
    <property name="java.io.tmpdir" value="C:\Users\ThinkPad\AppData\Local\Temp\"/>
    <property name="java.version" value="11.0.1"/>
    <property name="user.dir" value="C:\Users\ThinkPad\Desktop\moneyger"/>
    <property name="os.arch" value="amd64"/>
    <property name="java.vm.specification.name" value="Java Virtual Machine Specification"/>
    <property name="java.awt.printerjob" value="sun.awt.windows.WPrinterJob"/>
    <property name="idea.version2019.1.3" value="true"/>
    <property name="sun.os.patch.level" value=""/>
    <property name="java.library.path" value="C:\Java\jdk-11.0.1\bin;C:\Windows\Sun\Java\bin;C:\Windows\system32;C:\Windows;C:\Windows\system32;C:\Windows;C:\Windows\System32\Wbem;C:\Windows\System32\WindowsPowerShell\v1.0\;C:\Windows\System32\OpenSSH\;C:\Java\jdk-11.0.1\bin;C:\HashiCorp\Vagrant\bin;C:\Program Files (x86)\apache-maven-3.6.0\bin;C:\Program Files\nodejs\;C:\Go\bin;C:\Program Files\Cloud Foundry;C:\Program Files (x86)\Elm\0.19\bin;C:\Users\ThinkPad\AppData\Local\Microsoft\WindowsApps;C:\Users\ThinkPad\AppData\Local\Programs\Microsoft VS Code\bin;C:\Program Files\heroku\bin;C:\Users\ThinkPad\AppData\Roaming\npm;C:\Program Files\vim;C:\Users\ThinkPad\go\bin;."/>
    <property name="java.vendor" value="Oracle Corporation"/>
    <property name="java.vm.info" value="mixed mode"/>
    <property name="java.vm.version" value="11.0.1+13"/>
    <property name="sun.io.unicode.encoding" value="UnicodeLittle"/>
    <property name="java.class.version" value="55.0"/>
  </properties>
  <testcase name="testInvalidMessage" classname="com.example.MessageHandlerTest" time="0.016"/>
  <testcase name="testMessage" classname="com.example.MessageHandlerTest" time="0.015"/>
</testsuite>