<?xml version="1.0" encoding="UTF-8"?>
<testsuite name="contracts.ContractVerifierTest" tests="1" skipped="0" failures="0" errors="0" timestamp="2020-07-07T11:31:16" hostname="6ba67cac33e4" time="0.707">
  <properties/>
  <testcase name="validate_contract" classname="contracts.ContractVerifierTest" time="0.707"/>
  <system-out><![CDATA[11:31:15.648 [Test worker] DEBUG org.springframework.test.context.junit4.SpringJUnit4ClassRunner - SpringJUnit4ClassRunner constructor called with [class contracts.ContractVerifierTest]
11:31:15.654 [Test worker] DEBUG org.springframework.test.context.BootstrapUtils - Instantiating CacheAwareContextLoaderDelegate from class [org.springframework.test.context.cache.DefaultCacheAwareContextLoaderDelegate]
11:31:15.658 [Test worker] DEBUG org.springframework.test.context.BootstrapUtils - Instantiating BootstrapContext using constructor [public org.springframework.test.context.support.DefaultBootstrapContext(java.lang.Class,org.springframework.test.context.CacheAwareContextLoaderDelegate)]
11:31:15.671 [Test worker] DEBUG org.springframework.test.context.BootstrapUtils - Instantiating TestContextBootstrapper for test class [contracts.ContractVerifierTest] from class [org.springframework.boot.test.context.SpringBootTestContextBootstrapper]
11:31:15.677 [Test worker] INFO org.springframework.boot.test.context.SpringBootTestContextBootstrapper - Neither @ContextConfiguration nor @ContextHierarchy found for test class [contracts.ContractVerifierTest], using SpringBootContextLoader
11:31:15.680 [Test worker] DEBUG org.springframework.test.context.support.AbstractContextLoader - Did not detect default resource location for test class [contracts.ContractVerifierTest]: class path resource [contracts/ContractVerifierTest-context.xml] does not exist
11:31:15.680 [Test worker] DEBUG org.springframework.test.context.support.AbstractContextLoader - Did not detect default resource location for test class [contracts.ContractVerifierTest]: class path resource [contracts/ContractVerifierTestContext.groovy] does not exist
11:31:15.680 [Test worker] INFO org.springframework.test.context.support.AbstractContextLoader - Could not detect default resource locations for test class [contracts.ContractVerifierTest]: no resource found for suffixes {-context.xml, Context.groovy}.
11:31:15.704 [Test worker] DEBUG org.springframework.test.context.support.ActiveProfilesUtils - Could not find an 'annotation declaring class' for annotation type [org.springframework.test.context.ActiveProfiles] and class [contracts.ContractVerifierTest]
11:31:15.771 [Test worker] DEBUG org.springframework.boot.test.context.SpringBootTestContextBootstrapper - @TestExecutionListeners is not present for class [contracts.ContractVerifierTest]: using defaults.
11:31:15.771 [Test worker] INFO org.springframework.boot.test.context.SpringBootTestContextBootstrapper - Loaded default TestExecutionListener class names from location [META-INF/spring.factories]: [org.springframework.boot.test.autoconfigure.restdocs.RestDocsTestExecutionListener, org.springframework.boot.test.autoconfigure.web.client.MockRestServiceServerResetTestExecutionListener, org.springframework.boot.test.autoconfigure.web.servlet.MockMvcPrintOnlyOnFailureTestExecutionListener, org.springframework.boot.test.autoconfigure.web.servlet.WebDriverTestExecutionListener, org.springframework.boot.test.mock.mockito.MockitoTestExecutionListener, org.springframework.boot.test.mock.mockito.ResetMocksTestExecutionListener, org.springframework.test.context.web.ServletTestExecutionListener, org.springframework.test.context.support.DirtiesContextBeforeModesTestExecutionListener, org.springframework.test.context.support.DependencyInjectionTestExecutionListener, org.springframework.test.context.support.DirtiesContextTestExecutionListener, org.springframework.test.context.transaction.TransactionalTestExecutionListener, org.springframework.test.context.jdbc.SqlScriptsTestExecutionListener]
11:31:15.775 [Test worker] DEBUG org.springframework.boot.test.context.SpringBootTestContextBootstrapper - Skipping candidate TestExecutionListener [org.springframework.test.context.web.ServletTestExecutionListener] due to a missing dependency. Specify custom listener classes or make the default listener classes and their required dependencies available. Offending class: [org/springframework/web/context/request/RequestAttributes]
11:31:15.776 [Test worker] DEBUG org.springframework.boot.test.context.SpringBootTestContextBootstrapper - Skipping candidate TestExecutionListener [org.springframework.test.context.transaction.TransactionalTestExecutionListener] due to a missing dependency. Specify custom listener classes or make the default listener classes and their required dependencies available. Offending class: [org/springframework/transaction/TransactionDefinition]
11:31:15.777 [Test worker] DEBUG org.springframework.boot.test.context.SpringBootTestContextBootstrapper - Skipping candidate TestExecutionListener [org.springframework.test.context.jdbc.SqlScriptsTestExecutionListener] due to a missing dependency. Specify custom listener classes or make the default listener classes and their required dependencies available. Offending class: [org/springframework/transaction/interceptor/TransactionAttribute]
11:31:15.777 [Test worker] INFO org.springframework.boot.test.context.SpringBootTestContextBootstrapper - Using TestExecutionListeners: [org.springframework.test.context.support.DirtiesContextBeforeModesTestExecutionListener@4f67849b, org.springframework.boot.test.mock.mockito.MockitoTestExecutionListener@1480465b, org.springframework.boot.test.autoconfigure.SpringBootDependencyInjectionTestExecutionListener@eb1fa19, org.springframework.test.context.support.DirtiesContextTestExecutionListener@218148ba, org.springframework.boot.test.autoconfigure.restdocs.RestDocsTestExecutionListener@52b1534d, org.springframework.boot.test.autoconfigure.web.client.MockRestServiceServerResetTestExecutionListener@449575de, org.springframework.boot.test.autoconfigure.web.servlet.MockMvcPrintOnlyOnFailureTestExecutionListener@45753e67, org.springframework.boot.test.autoconfigure.web.servlet.WebDriverTestExecutionListener@6e9a6aeb, org.springframework.boot.test.mock.mockito.ResetMocksTestExecutionListener@3669774e]
11:31:15.778 [Test worker] DEBUG org.springframework.test.annotation.ProfileValueUtils - Retrieved @ProfileValueSourceConfiguration [null] for test class [contracts.ContractVerifierTest]
11:31:15.779 [Test worker] DEBUG org.springframework.test.annotation.ProfileValueUtils - Retrieved ProfileValueSource type [class org.springframework.test.annotation.SystemProfileValueSource] for class [contracts.ContractVerifierTest]
11:31:15.779 [Test worker] DEBUG org.springframework.test.annotation.ProfileValueUtils - Retrieved @ProfileValueSourceConfiguration [null] for test class [contracts.ContractVerifierTest]
11:31:15.779 [Test worker] DEBUG org.springframework.test.annotation.ProfileValueUtils - Retrieved ProfileValueSource type [class org.springframework.test.annotation.SystemProfileValueSource] for class [contracts.ContractVerifierTest]
11:31:15.782 [Test worker] DEBUG org.springframework.test.context.support.AbstractDirtiesContextTestExecutionListener - Before test class: context [DefaultTestContext@1d4c2a08 testClass = ContractVerifierTest, testInstance = [null], testMethod = [null], testException = [null], mergedContextConfiguration = [MergedContextConfiguration@b025f5 testClass = ContractVerifierTest, locations = '{}', classes = '{class contracts.RestBase$Config, class contracts.RestBase$Config}', contextInitializerClasses = '[]', activeProfiles = '{}', propertySourceLocations = '{}', propertySourceProperties = '{org.springframework.boot.test.context.SpringBootTestContextBootstrapper=true}', contextCustomizers = set[org.springframework.boot.test.autoconfigure.properties.PropertyMappingContextCustomizer@0, org.springframework.boot.test.autoconfigure.web.servlet.WebDriverContextCustomizerFactory$Customizer@17b43ee0, org.springframework.boot.test.context.filter.ExcludeFilterContextCustomizer@6f427df1, org.springframework.boot.test.json.DuplicateJsonObjectContextCustomizerFactory$DuplicateJsonObjectContextCustomizer@5e715e92, org.springframework.boot.test.mock.mockito.MockitoContextCustomizer@0, org.springframework.boot.test.web.client.TestRestTemplateContextCustomizer@3f99ab1d], contextLoader = 'org.springframework.boot.test.context.SpringBootContextLoader', parent = [null]], attributes = map[[empty]]], class annotated with @DirtiesContext [false] with mode [null].
11:31:15.782 [Test worker] DEBUG org.springframework.test.annotation.ProfileValueUtils - Retrieved @ProfileValueSourceConfiguration [null] for test class [contracts.ContractVerifierTest]
11:31:15.782 [Test worker] DEBUG org.springframework.test.annotation.ProfileValueUtils - Retrieved ProfileValueSource type [class org.springframework.test.annotation.SystemProfileValueSource] for class [contracts.ContractVerifierTest]
11:31:15.785 [Test worker] DEBUG org.springframework.test.context.support.DependencyInjectionTestExecutionListener - Performing dependency injection for test context [[DefaultTestContext@1d4c2a08 testClass = ContractVerifierTest, testInstance = contracts.ContractVerifierTest@437f0bed, testMethod = [null], testException = [null], mergedContextConfiguration = [MergedContextConfiguration@b025f5 testClass = ContractVerifierTest, locations = '{}', classes = '{class contracts.RestBase$Config, class contracts.RestBase$Config}', contextInitializerClasses = '[]', activeProfiles = '{}', propertySourceLocations = '{}', propertySourceProperties = '{org.springframework.boot.test.context.SpringBootTestContextBootstrapper=true}', contextCustomizers = set[org.springframework.boot.test.autoconfigure.properties.PropertyMappingContextCustomizer@0, org.springframework.boot.test.autoconfigure.web.servlet.WebDriverContextCustomizerFactory$Customizer@17b43ee0, org.springframework.boot.test.context.filter.ExcludeFilterContextCustomizer@6f427df1, org.springframework.boot.test.json.DuplicateJsonObjectContextCustomizerFactory$DuplicateJsonObjectContextCustomizer@5e715e92, org.springframework.boot.test.mock.mockito.MockitoContextCustomizer@0, org.springframework.boot.test.web.client.TestRestTemplateContextCustomizer@3f99ab1d], contextLoader = 'org.springframework.boot.test.context.SpringBootContextLoader', parent = [null]], attributes = map[[empty]]]].
11:31:15.798 [Test worker] DEBUG org.springframework.test.context.support.TestPropertySourceUtils - Adding inlined properties to environment: {spring.jmx.enabled=false, org.springframework.boot.test.context.SpringBootTestContextBootstrapper=true, server.port=-1}

  .   ____          _            __ _ _
 /\\ / ___'_ __ _ _(_)_ __  __ _ \ \ \ \
( ( )\___ | '_ | '_| | '_ \/ _` | \ \ \ \
 \\/  ___)| |_)| | | | | || (_| |  ) ) ) )
  '  |____| .__|_| |_|_| |_\__, | / / / /
 =========|_|==============|___/=/_/_/_/
 :: Spring Boot ::       (v2.1.10.RELEASE)

2020-07-07 11:31:15.918  INFO 76 --- [    Test worker] contracts.ContractVerifierTest           : Starting ContractVerifierTest on 6ba67cac33e4 with PID 76 (started by root in /spring-cloud-contract)
2020-07-07 11:31:15.919  INFO 76 --- [    Test worker] contracts.ContractVerifierTest           : No active profile set, falling back to default profiles: default
2020-07-07 11:31:16.366  INFO 76 --- [    Test worker] contracts.ContractVerifierTest           : Started ContractVerifierTest in 0.566 seconds (JVM running for 1.042)
]]></system-out>
  <system-err><![CDATA[]]></system-err>
</testsuite>
